<?xml version="1.0" encoding="UTF-8"?>
<!-- Generated by org.testng.reporters.JUnitReportReporter -->
<testsuite hostname="Reetas-MacBook-Air.local" failures="0" tests="20" name="TestCases.SamsungPageTest" time="0.003" errors="0" timestamp="2022-05-25T13:05:34 EDT" skipped="20">
  <testcase classname="TestCases.SamsungPageTest" name="clickcheckoutTest" time="0.000">
    <skipped/>
  </testcase> <!-- clickcheckoutTest -->
  <system-out/>
  <testcase classname="TestCases.SamsungPageTest" name="clickApplyTest" time="0.001">
    <skipped/>
  </testcase> <!-- clickApplyTest -->
  <system-out/>
  <testcase classname="TestCases.SamsungPageTest" name="verifyPhonePrice" time="0.000">
    <skipped/>
  </testcase> <!-- verifyPhonePrice -->
  <system-out/>
  <testcase classname="TestCases.SamsungPageTest" name="sendKeyszipCode2Test" time="0.001">
    <skipped/>
  </testcase> <!-- sendKeyszipCode2Test -->
  <system-out/>
  <testcase classname="TestCases.SamsungPageTest" name="verifyPhonePrice" time="0.000">
    <skipped/>
  </testcase> <!-- verifyPhonePrice -->
  <system-out/>
  <testcase classname="TestCases.SamsungPageTest" name="clickcheckoutTest" time="0.000">
    <skipped/>
  </testcase> <!-- clickcheckoutTest -->
  <system-out/>
  <testcase classname="TestCases.SamsungPageTest" name="clickdeliverylocation" time="0.000">
    <skipped/>
  </testcase> <!-- clickdeliverylocation -->
  <system-out/>
  <testcase classname="TestCases.SamsungPageTest" name="clickApplyTest" time="0.000">
    <skipped/>
  </testcase> <!-- clickApplyTest -->
  <system-out/>
  <testcase classname="TestCases.SamsungPageTest" name="clickdeliverylocation" time="0.000">
    <skipped/>
  </testcase> <!-- clickdeliverylocation -->
  <system-out/>
  <testcase classname="TestCases.SamsungPageTest" name="clickaddToCartTest" time="0.000">
    <skipped/>
  </testcase> <!-- clickaddToCartTest -->
  <system-out/>
  <testcase classname="TestCases.SamsungPageTest" name="sendKeyszipCode1Test" time="0.000">
    <skipped/>
  </testcase> <!-- sendKeyszipCode1Test -->
  <system-out/>
  <testcase classname="TestCases.SamsungPageTest" name="clickaddToCartTest" time="0.000">
    <skipped/>
  </testcase> <!-- clickaddToCartTest -->
  <system-out/>
  <testcase classname="TestCases.SamsungPageTest" name="sendKeyszipCode2Test" time="0.001">
    <skipped/>
  </testcase> <!-- sendKeyszipCode2Test -->
  <system-out/>
  <testcase classname="TestCases.SamsungPageTest" name="sendKeyszipCode1Test" time="0.000">
    <skipped/>
  </testcase> <!-- sendKeyszipCode1Test -->
  <system-out/>
  <testcase classname="TestCases.SamsungPageTest" name="sendKeysSearchbarTest" time="0.000">
    <skipped/>
  </testcase> <!-- sendKeysSearchbarTest -->
  <system-out/>
  <testcase classname="TestCases.SamsungPageTest" name="sendKeysSearchbarTest" time="0.000">
    <skipped/>
  </testcase> <!-- sendKeysSearchbarTest -->
  <system-out/>
  <testcase classname="TestCases.SamsungPageTest" name="clicksubmitTest" time="0.000">
    <skipped/>
  </testcase> <!-- clicksubmitTest -->
  <system-out/>
  <testcase classname="TestCases.SamsungPageTest" name="clicksubmitTest" time="0.000">
    <skipped/>
  </testcase> <!-- clicksubmitTest -->
  <system-out/>
  <testcase classname="TestCases.SamsungPageTest" name="clickSelectPhoneTest" time="0.000">
    <skipped/>
  </testcase> <!-- clickSelectPhoneTest -->
  <system-out/>
  <testcase classname="TestCases.SamsungPageTest" name="clickSelectPhoneTest" time="0.000">
    <skipped/>
  </testcase> <!-- clickSelectPhoneTest -->
  <system-out/>
</testsuite> <!-- TestCases.SamsungPageTest -->
